app/build/intermediates/manifest_merge_blame_file/debug/manifest-merger-blame-debug-report.txt
1<?xml version="1.0" encoding="utf-8"?>
2<manifest xmlns:android="http://schemas.android.com/apk/res/android"
3    package="com.myplanner.app"
4    android:versionCode="2"
5    android:versionName="2.0" >
6
7    <uses-sdk
8        android:minSdkVersion="30"
9        android:targetSdkVersion="34" />
10
11    <uses-permission android:name="android.permission.POST_NOTIFICATIONS" />
11-->src\main\AndroidManifest.xml:4:5-77
11-->src\main\AndroidManifest.xml:4:22-74
12    <uses-permission android:name="android.permission.SCHEDULE_EXACT_ALARM" />
12-->src\main\AndroidManifest.xml:5:5-79
12-->src\main\AndroidManifest.xml:5:22-76
13    <uses-permission android:name="android.permission.USE_EXACT_ALARM" />
13-->src\main\AndroidManifest.xml:6:5-74
13-->src\main\AndroidManifest.xml:6:22-71
14    <uses-permission android:name="android.permission.RECEIVE_BOOT_COMPLETED" />
14-->src\main\AndroidManifest.xml:7:5-81
14-->src\main\AndroidManifest.xml:7:22-78
15    <uses-permission android:name="android.permission.VIBRATE" />
15-->src\main\AndroidManifest.xml:8:5-66
15-->src\main\AndroidManifest.xml:8:22-63
16    <uses-permission
16-->src\main\AndroidManifest.xml:9:5-10:38
17        android:name="android.permission.READ_EXTERNAL_STORAGE"
17-->src\main\AndroidManifest.xml:9:22-77
18        android:maxSdkVersion="32" />
18-->src\main\AndroidManifest.xml:10:9-35
19    <uses-permission
19-->src\main\AndroidManifest.xml:11:5-12:38
20        android:name="android.permission.WRITE_EXTERNAL_STORAGE"
20-->src\main\AndroidManifest.xml:11:22-78
21        android:maxSdkVersion="29" />
21-->src\main\AndroidManifest.xml:12:9-35
22    <uses-permission android:name="android.permission.WAKE_LOCK" />
22-->[androidx.work:work-runtime:2.9.0] AndroidManifest.xml:23:5-68
22-->[androidx.work:work-runtime:2.9.0] AndroidManifest.xml:23:22-65
23    <uses-permission android:name="android.permission.ACCESS_NETWORK_STATE" />
23-->[androidx.work:work-runtime:2.9.0] AndroidManifest.xml:24:5-79
23-->[androidx.work:work-runtime:2.9.0] AndroidManifest.xml:24:22-76
24    <uses-permission android:name="android.permission.FOREGROUND_SERVICE" />
24-->[androidx.work:work-runtime:2.9.0] AndroidManifest.xml:26:5-77
24-->[androidx.work:work-runtime:2.9.0] AndroidManifest.xml:26:22-74
25
26    <permission
26-->[androidx.core:core:1.12.0] AndroidManifest.xml:22:5-24:47
27        android:name="com.myplanner.app.DYNAMIC_RECEIVER_NOT_EXPORTED_PERMISSION"
27-->[androidx.core:core:1.12.0] AndroidManifest.xml:23:9-81
28        android:protectionLevel="signature" />
28-->[androidx.core:core:1.12.0] AndroidManifest.xml:24:9-44
29
30    <uses-permission android:name="com.myplanner.app.DYNAMIC_RECEIVER_NOT_EXPORTED_PERMISSION" />
30-->[androidx.core:core:1.12.0] AndroidManifest.xml:26:5-97
30-->[androidx.core:core:1.12.0] AndroidManifest.xml:26:22-94
31
32    <application
32-->src\main\AndroidManifest.xml:14:5-85:19
33        android:name="com.myplanner.app.MyPlannerApp"
33-->src\main\AndroidManifest.xml:15:9-37
34        android:allowBackup="true"
34-->src\main\AndroidManifest.xml:16:9-35
35        android:appComponentFactory="androidx.core.app.CoreComponentFactory"
35-->[androidx.core:core:1.12.0] AndroidManifest.xml:28:18-86
36        android:debuggable="true"
37        android:extractNativeLibs="false"
38        android:icon="@mipmap/ic_launcher"
38-->src\main\AndroidManifest.xml:17:9-43
39        android:label="@string/app_name"
39-->src\main\AndroidManifest.xml:18:9-41
40        android:supportsRtl="true"
40-->src\main\AndroidManifest.xml:19:9-35
41        android:theme="@style/Theme.MyPlanner" >
41-->src\main\AndroidManifest.xml:20:9-47
42        <activity
42-->src\main\AndroidManifest.xml:22:9-31:20
43            android:name="com.myplanner.app.MainActivity"
43-->src\main\AndroidManifest.xml:23:13-41
44            android:exported="true"
44-->src\main\AndroidManifest.xml:24:13-36
45            android:theme="@style/Theme.MyPlanner"
45-->src\main\AndroidManifest.xml:26:13-51
46            android:windowSoftInputMode="adjustResize" >
46-->src\main\AndroidManifest.xml:25:13-55
47            <intent-filter>
47-->src\main\AndroidManifest.xml:27:13-30:29
48                <action android:name="android.intent.action.MAIN" />
48-->src\main\AndroidManifest.xml:28:17-69
48-->src\main\AndroidManifest.xml:28:25-66
49
50                <category android:name="android.intent.category.LAUNCHER" />
50-->src\main\AndroidManifest.xml:29:17-77
50-->src\main\AndroidManifest.xml:29:27-74
51            </intent-filter>
52        </activity>
53
54        <!-- Notification channels & receivers -->
55        <receiver
55-->src\main\AndroidManifest.xml:34:9-36:40
56            android:name="com.myplanner.app.notifications.AlarmReceiver"
56-->src\main\AndroidManifest.xml:35:13-56
57            android:exported="false" />
57-->src\main\AndroidManifest.xml:36:13-37
58        <receiver
58-->src\main\AndroidManifest.xml:38:9-44:20
59            android:name="com.myplanner.app.notifications.BootReceiver"
59-->src\main\AndroidManifest.xml:39:13-55
60            android:exported="true" >
60-->src\main\AndroidManifest.xml:40:13-36
61            <intent-filter>
61-->src\main\AndroidManifest.xml:41:13-43:29
62                <action android:name="android.intent.action.BOOT_COMPLETED" />
62-->src\main\AndroidManifest.xml:42:17-79
62-->src\main\AndroidManifest.xml:42:25-76
63            </intent-filter>
64        </receiver>
65
66        <!-- WorkManager -->
67        <provider
68            android:name="androidx.startup.InitializationProvider"
68-->src\main\AndroidManifest.xml:48:13-67
69            android:authorities="com.myplanner.app.androidx-startup"
69-->src\main\AndroidManifest.xml:49:13-68
70            android:exported="false" >
70-->src\main\AndroidManifest.xml:50:13-37
71            <meta-data
71-->[androidx.emoji2:emoji2:1.3.0] AndroidManifest.xml:29:13-31:52
72                android:name="androidx.emoji2.text.EmojiCompatInitializer"
72-->[androidx.emoji2:emoji2:1.3.0] AndroidManifest.xml:30:17-75
73                android:value="androidx.startup" />
73-->[androidx.emoji2:emoji2:1.3.0] AndroidManifest.xml:31:17-49
74            <meta-data
74-->[androidx.lifecycle:lifecycle-process:2.7.0] AndroidManifest.xml:29:13-31:52
75                android:name="androidx.lifecycle.ProcessLifecycleInitializer"
75-->[androidx.lifecycle:lifecycle-process:2.7.0] AndroidManifest.xml:30:17-78
76                android:value="androidx.startup" />
76-->[androidx.lifecycle:lifecycle-process:2.7.0] AndroidManifest.xml:31:17-49
77            <meta-data
77-->[androidx.profileinstaller:profileinstaller:1.3.0] AndroidManifest.xml:29:13-31:52
78                android:name="androidx.profileinstaller.ProfileInstallerInitializer"
78-->[androidx.profileinstaller:profileinstaller:1.3.0] AndroidManifest.xml:30:17-85
79                android:value="androidx.startup" />
79-->[androidx.profileinstaller:profileinstaller:1.3.0] AndroidManifest.xml:31:17-49
80        </provider>
81
82        <!-- Task Widget -->
83        <receiver
83-->src\main\AndroidManifest.xml:60:9-70:20
84            android:name="com.myplanner.app.widget.TaskWidgetReceiver"
84-->src\main\AndroidManifest.xml:61:13-54
85            android:exported="false"
85-->src\main\AndroidManifest.xml:62:13-37
86            android:label="Tugas Hari Ini" >
86-->src\main\AndroidManifest.xml:63:13-43
87            <intent-filter>
87-->src\main\AndroidManifest.xml:64:13-66:29
88                <action android:name="android.appwidget.action.APPWIDGET_UPDATE" />
88-->src\main\AndroidManifest.xml:65:17-84
88-->src\main\AndroidManifest.xml:65:25-81
89            </intent-filter>
90
91            <meta-data
91-->src\main\AndroidManifest.xml:67:13-69:60
92                android:name="android.appwidget.provider"
92-->src\main\AndroidManifest.xml:68:17-58
93                android:resource="@xml/task_widget_info" />
93-->src\main\AndroidManifest.xml:69:17-57
94        </receiver>
95
96        <!-- Schedule Widget -->
97        <receiver
97-->src\main\AndroidManifest.xml:73:9-83:20
98            android:name="com.myplanner.app.widget.ScheduleWidgetReceiver"
98-->src\main\AndroidManifest.xml:74:13-58
99            android:exported="false"
99-->src\main\AndroidManifest.xml:75:13-37
100            android:label="Jadwal Hari Ini" >
100-->src\main\AndroidManifest.xml:76:13-44
101            <intent-filter>
101-->src\main\AndroidManifest.xml:64:13-66:29
102                <action android:name="android.appwidget.action.APPWIDGET_UPDATE" />
102-->src\main\AndroidManifest.xml:65:17-84
102-->src\main\AndroidManifest.xml:65:25-81
103            </intent-filter>
104
105            <meta-data
105-->src\main\AndroidManifest.xml:67:13-69:60
106                android:name="android.appwidget.provider"
106-->src\main\AndroidManifest.xml:68:17-58
107                android:resource="@xml/schedule_widget_info" />
107-->src\main\AndroidManifest.xml:69:17-57
108        </receiver>
109
110        <activity
110-->[androidx.glance:glance-appwidget:1.0.0] AndroidManifest.xml:23:9-27:40
111            android:name="androidx.glance.appwidget.action.ActionTrampolineActivity"
111-->[androidx.glance:glance-appwidget:1.0.0] AndroidManifest.xml:24:13-85
112            android:enabled="true"
112-->[androidx.glance:glance-appwidget:1.0.0] AndroidManifest.xml:25:13-35
113            android:excludeFromRecents="true"
113-->[androidx.glance:glance-appwidget:1.0.0] AndroidManifest.xml:26:13-46
114            android:exported="false" />
114-->[androidx.glance:glance-appwidget:1.0.0] AndroidManifest.xml:27:13-37
115        <activity
115-->[androidx.glance:glance-appwidget:1.0.0] AndroidManifest.xml:28:9-35:81
116            android:name="androidx.glance.appwidget.action.InvisibleActionTrampolineActivity"
116-->[androidx.glance:glance-appwidget:1.0.0] AndroidManifest.xml:29:13-94
117            android:enabled="true"
117-->[androidx.glance:glance-appwidget:1.0.0] AndroidManifest.xml:30:13-35
118            android:exported="false"
118-->[androidx.glance:glance-appwidget:1.0.0] AndroidManifest.xml:31:13-37
119            android:launchMode="singleInstance"
119-->[androidx.glance:glance-appwidget:1.0.0] AndroidManifest.xml:32:13-48
120            android:noHistory="true"
120-->[androidx.glance:glance-appwidget:1.0.0] AndroidManifest.xml:33:13-37
121            android:taskAffinity="androidx.glance.appwidget.ListAdapterCallbackTrampoline"
121-->[androidx.glance:glance-appwidget:1.0.0] AndroidManifest.xml:34:13-91
122            android:theme="@style/Widget.Glance.AppWidget.CallbackTrampoline" />
122-->[androidx.glance:glance-appwidget:1.0.0] AndroidManifest.xml:35:13-78
123
124        <receiver
124-->[androidx.glance:glance-appwidget:1.0.0] AndroidManifest.xml:37:9-40:40
125            android:name="androidx.glance.appwidget.action.ActionCallbackBroadcastReceiver"
125-->[androidx.glance:glance-appwidget:1.0.0] AndroidManifest.xml:38:13-92
126            android:enabled="true"
126-->[androidx.glance:glance-appwidget:1.0.0] AndroidManifest.xml:39:13-35
127            android:exported="false" />
127-->[androidx.glance:glance-appwidget:1.0.0] AndroidManifest.xml:40:13-37
128        <receiver
128-->[androidx.glance:glance-appwidget:1.0.0] AndroidManifest.xml:41:9-48:20
129            android:name="androidx.glance.appwidget.MyPackageReplacedReceiver"
129-->[androidx.glance:glance-appwidget:1.0.0] AndroidManifest.xml:42:13-79
130            android:enabled="true"
130-->[androidx.glance:glance-appwidget:1.0.0] AndroidManifest.xml:43:13-35
131            android:exported="false" >
131-->[androidx.glance:glance-appwidget:1.0.0] AndroidManifest.xml:44:13-37
132            <intent-filter>
132-->[androidx.glance:glance-appwidget:1.0.0] AndroidManifest.xml:45:13-47:29
133                <action android:name="android.intent.action.MY_PACKAGE_REPLACED" />
133-->[androidx.glance:glance-appwidget:1.0.0] AndroidManifest.xml:46:17-84
133-->[androidx.glance:glance-appwidget:1.0.0] AndroidManifest.xml:46:25-81
134            </intent-filter>
135        </receiver>
136
137        <service
137-->[androidx.glance:glance-appwidget:1.0.0] AndroidManifest.xml:50:9-53:72
138            android:name="androidx.glance.appwidget.GlanceRemoteViewsService"
138-->[androidx.glance:glance-appwidget:1.0.0] AndroidManifest.xml:51:13-78
139            android:exported="true"
139-->[androidx.glance:glance-appwidget:1.0.0] AndroidManifest.xml:52:13-36
140            android:permission="android.permission.BIND_REMOTEVIEWS" />
140-->[androidx.glance:glance-appwidget:1.0.0] AndroidManifest.xml:53:13-69
141        <service
141-->[androidx.work:work-runtime:2.9.0] AndroidManifest.xml:39:9-45:35
142            android:name="androidx.work.impl.background.systemalarm.SystemAlarmService"
142-->[androidx.work:work-runtime:2.9.0] AndroidManifest.xml:40:13-88
143            android:directBootAware="false"
143-->[androidx.work:work-runtime:2.9.0] AndroidManifest.xml:41:13-44
144            android:enabled="@bool/enable_system_alarm_service_default"
144-->[androidx.work:work-runtime:2.9.0] AndroidManifest.xml:42:13-72
145            android:exported="false" />
145-->[androidx.work:work-runtime:2.9.0] AndroidManifest.xml:43:13-37
146        <service
146-->[androidx.work:work-runtime:2.9.0] AndroidManifest.xml:46:9-52:35
147            android:name="androidx.work.impl.background.systemjob.SystemJobService"
147-->[androidx.work:work-runtime:2.9.0] AndroidManifest.xml:47:13-84
148            android:directBootAware="false"
148-->[androidx.work:work-runtime:2.9.0] AndroidManifest.xml:48:13-44
149            android:enabled="@bool/enable_system_job_service_default"
149-->[androidx.work:work-runtime:2.9.0] AndroidManifest.xml:49:13-70
150            android:exported="true"
150-->[androidx.work:work-runtime:2.9.0] AndroidManifest.xml:50:13-36
151            android:permission="android.permission.BIND_JOB_SERVICE" />
151-->[androidx.work:work-runtime:2.9.0] AndroidManifest.xml:51:13-69
152        <service
152-->[androidx.work:work-runtime:2.9.0] AndroidManifest.xml:53:9-59:35
153            android:name="androidx.work.impl.foreground.SystemForegroundService"
153-->[androidx.work:work-runtime:2.9.0] AndroidManifest.xml:54:13-81
154            android:directBootAware="false"
154-->[androidx.work:work-runtime:2.9.0] AndroidManifest.xml:55:13-44
155            android:enabled="@bool/enable_system_foreground_service_default"
155-->[androidx.work:work-runtime:2.9.0] AndroidManifest.xml:56:13-77
156            android:exported="false" />
156-->[androidx.work:work-runtime:2.9.0] AndroidManifest.xml:57:13-37
157
158        <receiver
158-->[androidx.work:work-runtime:2.9.0] AndroidManifest.xml:61:9-66:35
159            android:name="androidx.work.impl.utils.ForceStopRunnable$BroadcastReceiver"
159-->[androidx.work:work-runtime:2.9.0] AndroidManifest.xml:62:13-88
160            android:directBootAware="false"
160-->[androidx.work:work-runtime:2.9.0] AndroidManifest.xml:63:13-44
161            android:enabled="true"
161-->[androidx.work:work-runtime:2.9.0] AndroidManifest.xml:64:13-35
162            android:exported="false" />
162-->[androidx.work:work-runtime:2.9.0] AndroidManifest.xml:65:13-37
163        <receiver
163-->[androidx.work:work-runtime:2.9.0] AndroidManifest.xml:67:9-77:20
164            android:name="androidx.work.impl.background.systemalarm.ConstraintProxy$BatteryChargingProxy"
164-->[androidx.work:work-runtime:2.9.0] AndroidManifest.xml:68:13-106
165            android:directBootAware="false"
165-->[androidx.work:work-runtime:2.9.0] AndroidManifest.xml:69:13-44
166            android:enabled="false"
166-->[androidx.work:work-runtime:2.9.0] AndroidManifest.xml:70:13-36
167            android:exported="false" >
167-->[androidx.work:work-runtime:2.9.0] AndroidManifest.xml:71:13-37
168            <intent-filter>
168-->[androidx.work:work-runtime:2.9.0] AndroidManifest.xml:73:13-76:29
169                <action android:name="android.intent.action.ACTION_POWER_CONNECTED" />
169-->[androidx.work:work-runtime:2.9.0] AndroidManifest.xml:74:17-87
169-->[androidx.work:work-runtime:2.9.0] AndroidManifest.xml:74:25-84
170                <action android:name="android.intent.action.ACTION_POWER_DISCONNECTED" />
170-->[androidx.work:work-runtime:2.9.0] AndroidManifest.xml:75:17-90
170-->[androidx.work:work-runtime:2.9.0] AndroidManifest.xml:75:25-87
171            </intent-filter>
172        </receiver>
173        <receiver
173-->[androidx.work:work-runtime:2.9.0] AndroidManifest.xml:78:9-88:20
174            android:name="androidx.work.impl.background.systemalarm.ConstraintProxy$BatteryNotLowProxy"
174-->[androidx.work:work-runtime:2.9.0] AndroidManifest.xml:79:13-104
175            android:directBootAware="false"
175-->[androidx.work:work-runtime:2.9.0] AndroidManifest.xml:80:13-44
176            android:enabled="false"
176-->[androidx.work:work-runtime:2.9.0] AndroidManifest.xml:81:13-36
177            android:exported="false" >
177-->[androidx.work:work-runtime:2.9.0] AndroidManifest.xml:82:13-37
178            <intent-filter>
178-->[androidx.work:work-runtime:2.9.0] AndroidManifest.xml:84:13-87:29
179                <action android:name="android.intent.action.BATTERY_OKAY" />
179-->[androidx.work:work-runtime:2.9.0] AndroidManifest.xml:85:17-77
179-->[androidx.work:work-runtime:2.9.0] AndroidManifest.xml:85:25-74
180                <action android:name="android.intent.action.BATTERY_LOW" />
180-->[androidx.work:work-runtime:2.9.0] AndroidManifest.xml:86:17-76
180-->[androidx.work:work-runtime:2.9.0] AndroidManifest.xml:86:25-73
181            </intent-filter>
182        </receiver>
183        <receiver
183-->[androidx.work:work-runtime:2.9.0] AndroidManifest.xml:89:9-99:20
184            android:name="androidx.work.impl.background.systemalarm.ConstraintProxy$StorageNotLowProxy"
184-->[androidx.work:work-runtime:2.9.0] AndroidManifest.xml:90:13-104
185            android:directBootAware="false"
185-->[androidx.work:work-runtime:2.9.0] AndroidManifest.xml:91:13-44
186            android:enabled="false"
186-->[androidx.work:work-runtime:2.9.0] AndroidManifest.xml:92:13-36
187            android:exported="false" >
187-->[androidx.work:work-runtime:2.9.0] AndroidManifest.xml:93:13-37
188            <intent-filter>
188-->[androidx.work:work-runtime:2.9.0] AndroidManifest.xml:95:13-98:29
189                <action android:name="android.intent.action.DEVICE_STORAGE_LOW" />
189-->[androidx.work:work-runtime:2.9.0] AndroidManifest.xml:96:17-83
189-->[androidx.work:work-runtime:2.9.0] AndroidManifest.xml:96:25-80
190                <action android:name="android.intent.action.DEVICE_STORAGE_OK" />
190-->[androidx.work:work-runtime:2.9.0] AndroidManifest.xml:97:17-82
190-->[androidx.work:work-runtime:2.9.0] AndroidManifest.xml:97:25-79
191            </intent-filter>
192        </receiver>
193        <receiver
193-->[androidx.work:work-runtime:2.9.0] AndroidManifest.xml:100:9-109:20
194            android:name="androidx.work.impl.background.systemalarm.ConstraintProxy$NetworkStateProxy"
194-->[androidx.work:work-runtime:2.9.0] AndroidManifest.xml:101:13-103
195            android:directBootAware="false"
195-->[androidx.work:work-runtime:2.9.0] AndroidManifest.xml:102:13-44
196            android:enabled="false"
196-->[androidx.work:work-runtime:2.9.0] AndroidManifest.xml:103:13-36
197            android:exported="false" >
197-->[androidx.work:work-runtime:2.9.0] AndroidManifest.xml:104:13-37
198            <intent-filter>
198-->[androidx.work:work-runtime:2.9.0] AndroidManifest.xml:106:13-108:29
199                <action android:name="android.net.conn.CONNECTIVITY_CHANGE" />
199-->[androidx.work:work-runtime:2.9.0] AndroidManifest.xml:107:17-79
199-->[androidx.work:work-runtime:2.9.0] AndroidManifest.xml:107:25-76
200            </intent-filter>
201        </receiver>
202        <receiver
202-->[androidx.work:work-runtime:2.9.0] AndroidManifest.xml:110:9-121:20
203            android:name="androidx.work.impl.background.systemalarm.RescheduleReceiver"
203-->[androidx.work:work-runtime:2.9.0] AndroidManifest.xml:111:13-88
204            android:directBootAware="false"
204-->[androidx.work:work-runtime:2.9.0] AndroidManifest.xml:112:13-44
205            android:enabled="false"
205-->[androidx.work:work-runtime:2.9.0] AndroidManifest.xml:113:13-36
206            android:exported="false" >
206-->[androidx.work:work-runtime:2.9.0] AndroidManifest.xml:114:13-37
207            <intent-filter>
207-->[androidx.work:work-runtime:2.9.0] AndroidManifest.xml:116:13-120:29
208                <action android:name="android.intent.action.BOOT_COMPLETED" />
208-->src\main\AndroidManifest.xml:42:17-79
208-->src\main\AndroidManifest.xml:42:25-76
209                <action android:name="android.intent.action.TIME_SET" />
209-->[androidx.work:work-runtime:2.9.0] AndroidManifest.xml:118:17-73
209-->[androidx.work:work-runtime:2.9.0] AndroidManifest.xml:118:25-70
210                <action android:name="android.intent.action.TIMEZONE_CHANGED" />
210-->[androidx.work:work-runtime:2.9.0] AndroidManifest.xml:119:17-81
210-->[androidx.work:work-runtime:2.9.0] AndroidManifest.xml:119:25-78
211            </intent-filter>
212        </receiver>
213        <receiver
213-->[androidx.work:work-runtime:2.9.0] AndroidManifest.xml:122:9-131:20
214            android:name="androidx.work.impl.background.systemalarm.ConstraintProxyUpdateReceiver"
214-->[androidx.work:work-runtime:2.9.0] AndroidManifest.xml:123:13-99
215            android:directBootAware="false"
215-->[androidx.work:work-runtime:2.9.0] AndroidManifest.xml:124:13-44
216            android:enabled="@bool/enable_system_alarm_service_default"
216-->[androidx.work:work-runtime:2.9.0] AndroidManifest.xml:125:13-72
217            android:exported="false" >
217-->[androidx.work:work-runtime:2.9.0] AndroidManifest.xml:126:13-37
218            <intent-filter>
218-->[androidx.work:work-runtime:2.9.0] AndroidManifest.xml:128:13-130:29
219                <action android:name="androidx.work.impl.background.systemalarm.UpdateProxies" />
219-->[androidx.work:work-runtime:2.9.0] AndroidManifest.xml:129:17-98
219-->[androidx.work:work-runtime:2.9.0] AndroidManifest.xml:129:25-95
220            </intent-filter>
221        </receiver>
222        <receiver
222-->[androidx.work:work-runtime:2.9.0] AndroidManifest.xml:132:9-142:20
223            android:name="androidx.work.impl.diagnostics.DiagnosticsReceiver"
223-->[androidx.work:work-runtime:2.9.0] AndroidManifest.xml:133:13-78
224            android:directBootAware="false"
224-->[androidx.work:work-runtime:2.9.0] AndroidManifest.xml:134:13-44
225            android:enabled="true"
225-->[androidx.work:work-runtime:2.9.0] AndroidManifest.xml:135:13-35
226            android:exported="true"
226-->[androidx.work:work-runtime:2.9.0] AndroidManifest.xml:136:13-36
227            android:permission="android.permission.DUMP" >
227-->[androidx.work:work-runtime:2.9.0] AndroidManifest.xml:137:13-57
228            <intent-filter>
228-->[androidx.work:work-runtime:2.9.0] AndroidManifest.xml:139:13-141:29
229                <action android:name="androidx.work.diagnostics.REQUEST_DIAGNOSTICS" />
229-->[androidx.work:work-runtime:2.9.0] AndroidManifest.xml:140:17-88
229-->[androidx.work:work-runtime:2.9.0] AndroidManifest.xml:140:25-85
230            </intent-filter>
231        </receiver>
232
233        <service
233-->[androidx.core:core-remoteviews:1.0.0] AndroidManifest.xml:24:9-27:63
234            android:name="androidx.core.widget.RemoteViewsCompatService"
234-->[androidx.core:core-remoteviews:1.0.0] AndroidManifest.xml:25:13-73
235            android:permission="android.permission.BIND_REMOTEVIEWS" />
235-->[androidx.core:core-remoteviews:1.0.0] AndroidManifest.xml:26:13-69
236
237        <activity
237-->[androidx.compose.ui:ui-tooling-android:1.6.1] AndroidManifest.xml:23:9-25:39
238            android:name="androidx.compose.ui.tooling.PreviewActivity"
238-->[androidx.compose.ui:ui-tooling-android:1.6.1] AndroidManifest.xml:24:13-71
239            android:exported="true" />
239-->[androidx.compose.ui:ui-tooling-android:1.6.1] AndroidManifest.xml:25:13-36
240        <activity
240-->[androidx.compose.ui:ui-test-manifest:1.6.1] AndroidManifest.xml:23:9-25:39
241            android:name="androidx.activity.ComponentActivity"
241-->[androidx.compose.ui:ui-test-manifest:1.6.1] AndroidManifest.xml:24:13-63
242            android:exported="true" />
242-->[androidx.compose.ui:ui-test-manifest:1.6.1] AndroidManifest.xml:25:13-36
243
244        <service
244-->[androidx.room:room-runtime:2.6.1] AndroidManifest.xml:24:9-28:63
245            android:name="androidx.room.MultiInstanceInvalidationService"
245-->[androidx.room:room-runtime:2.6.1] AndroidManifest.xml:25:13-74
246            android:directBootAware="true"
246-->[androidx.room:room-runtime:2.6.1] AndroidManifest.xml:26:13-43
247            android:exported="false" />
247-->[androidx.room:room-runtime:2.6.1] AndroidManifest.xml:27:13-37
248
249        <receiver
249-->[androidx.profileinstaller:profileinstaller:1.3.0] AndroidManifest.xml:34:9-52:20
250            android:name="androidx.profileinstaller.ProfileInstallReceiver"
250-->[androidx.profileinstaller:profileinstaller:1.3.0] AndroidManifest.xml:35:13-76
251            android:directBootAware="false"
251-->[androidx.profileinstaller:profileinstaller:1.3.0] AndroidManifest.xml:36:13-44
252            android:enabled="true"
252-->[androidx.profileinstaller:profileinstaller:1.3.0] AndroidManifest.xml:37:13-35
253            android:exported="true"
253-->[androidx.profileinstaller:profileinstaller:1.3.0] AndroidManifest.xml:38:13-36
254            android:permission="android.permission.DUMP" >
254-->[androidx.profileinstaller:profileinstaller:1.3.0] AndroidManifest.xml:39:13-57
255            <intent-filter>
255-->[androidx.profileinstaller:profileinstaller:1.3.0] AndroidManifest.xml:40:13-42:29
256                <action android:name="androidx.profileinstaller.action.INSTALL_PROFILE" />
256-->[androidx.profileinstaller:profileinstaller:1.3.0] AndroidManifest.xml:41:17-91
256-->[androidx.profileinstaller:profileinstaller:1.3.0] AndroidManifest.xml:41:25-88
257            </intent-filter>
258            <intent-filter>
258-->[androidx.profileinstaller:profileinstaller:1.3.0] AndroidManifest.xml:43:13-45:29
259                <action android:name="androidx.profileinstaller.action.SKIP_FILE" />
259-->[androidx.profileinstaller:profileinstaller:1.3.0] AndroidManifest.xml:44:17-85
259-->[androidx.profileinstaller:profileinstaller:1.3.0] AndroidManifest.xml:44:25-82
260            </intent-filter>
261            <intent-filter>
261-->[androidx.profileinstaller:profileinstaller:1.3.0] AndroidManifest.xml:46:13-48:29
262                <action android:name="androidx.profileinstaller.action.SAVE_PROFILE" />
262-->[androidx.profileinstaller:profileinstaller:1.3.0] AndroidManifest.xml:47:17-88
262-->[androidx.profileinstaller:profileinstaller:1.3.0] AndroidManifest.xml:47:25-85
263            </intent-filter>
264            <intent-filter>
264-->[androidx.profileinstaller:profileinstaller:1.3.0] AndroidManifest.xml:49:13-51:29
265                <action android:name="androidx.profileinstaller.action.BENCHMARK_OPERATION" />
265-->[androidx.profileinstaller:profileinstaller:1.3.0] AndroidManifest.xml:50:17-95
265-->[androidx.profileinstaller:profileinstaller:1.3.0] AndroidManifest.xml:50:25-92
266            </intent-filter>
267        </receiver>
268    </application>
269
270</manifest>